<?xml version="1.0" encoding="UTF-8"?>
<testng-results skipped="0" failed="0" total="1" passed="1">
  <reporter-output>
  </reporter-output>
  <suite name="Amazon Test on web browser" duration-ms="19170" started-at="2015-04-24T17:27:30Z" finished-at="2015-04-24T17:27:49Z">
    <groups>
    </groups>
    <test name="Amazon Home Page" duration-ms="19170" started-at="2015-04-24T17:27:30Z" finished-at="2015-04-24T17:27:49Z">
      <class name="com.Amazon.SignUp">
        <test-method status="PASS" signature="setUp(java.lang.Boolean, java.lang.String, java.lang.String, java.lang.String, java.lang.String, java.lang.String, java.lang.String)[pri:0, instance:com.Amazon.SignUp@19dfb72a]" name="setUp" is-config="true" duration-ms="8719" started-at="2015-04-24T13:27:30Z" finished-at="2015-04-24T13:27:39Z">
          <params>
            <param index="0">
              <value>
                <![CDATA[false]]>
              </value>
            </param>
            <param index="1">
              <value>
                <![CDATA[rajib0078]]>
              </value>
            </param>
            <param index="2">
              <value>
                <![CDATA[e7d64913-3a8f-4ef4-8f2c-d4a694179e16]]>
              </value>
            </param>
            <param index="3">
              <value>
                <![CDATA[windows]]>
              </value>
            </param>
            <param index="4">
              <value>
                <![CDATA[chrome]]>
              </value>
            </param>
            <param index="5">
              <value>
                <![CDATA[41]]>
              </value>
            </param>
            <param index="6">
              <value>
                <![CDATA[http://www.amazon.com]]>
              </value>
            </param>
          </params>
          <reporter-output>
          </reporter-output>
        </test-method> <!-- setUp -->
        <test-method status="PASS" signature="signin()[pri:0, instance:com.Amazon.SignUp@19dfb72a]" name="signin" duration-ms="8837" started-at="2015-04-24T13:27:39Z" finished-at="2015-04-24T13:27:48Z">
          <reporter-output>
          </reporter-output>
        </test-method> <!-- signin -->
        <test-method status="PASS" signature="cleanUp()[pri:0, instance:com.Amazon.SignUp@19dfb72a]" name="cleanUp" is-config="true" duration-ms="1578" started-at="2015-04-24T13:27:48Z" finished-at="2015-04-24T13:27:49Z">
          <reporter-output>
          </reporter-output>
        </test-method> <!-- cleanUp -->
      </class> <!-- com.Amazon.SignUp -->
    </test> <!-- Amazon Home Page -->
  </suite> <!-- Amazon Test on web browser -->
</testng-results>
