<?xml version="1.0" encoding="UTF-8"?>
<testng-results skipped="0" failed="0" total="1" passed="1">
  <reporter-output>
  </reporter-output>
  <suite name="Cnn Test on web browser" duration-ms="35757" started-at="2015-04-27T06:37:53Z" finished-at="2015-04-27T06:38:29Z">
    <groups>
    </groups>
    <test name="Cnn Home Page" duration-ms="35757" started-at="2015-04-27T06:37:53Z" finished-at="2015-04-27T06:38:29Z">
      <class name="Home">
        <test-method status="PASS" signature="setUp(java.lang.Boolean, java.lang.String, java.lang.String, java.lang.String, java.lang.String, java.lang.String, java.lang.String)[pri:0, instance:Home@2d6e8792]" name="setUp" is-config="true" duration-ms="18471" started-at="2015-04-27T02:37:53Z" finished-at="2015-04-27T02:38:12Z">
          <params>
            <param index="0">
              <value>
                <![CDATA[false]]>
              </value>
            </param>
            <param index="1">
              <value>
                <![CDATA[rajib0078]]>
              </value>
            </param>
            <param index="2">
              <value>
                <![CDATA[e7d64913-3a8f-4ef4-8f2c-d4a694179e16]]>
              </value>
            </param>
            <param index="3">
              <value>
                <![CDATA[windows]]>
              </value>
            </param>
            <param index="4">
              <value>
                <![CDATA[chrome]]>
              </value>
            </param>
            <param index="5">
              <value>
                <![CDATA[41]]>
              </value>
            </param>
            <param index="6">
              <value>
                <![CDATA[http://www.cnn.com]]>
              </value>
            </param>
          </params>
          <reporter-output>
          </reporter-output>
        </test-method> <!-- setUp -->
        <test-method status="PASS" signature="homepage()[pri:0, instance:Home@2d6e8792]" name="homepage" duration-ms="15668" started-at="2015-04-27T02:38:12Z" finished-at="2015-04-27T02:38:27Z">
          <reporter-output>
          </reporter-output>
        </test-method> <!-- homepage -->
        <test-method status="PASS" signature="cleanUp()[pri:0, instance:Home@2d6e8792]" name="cleanUp" is-config="true" duration-ms="1580" started-at="2015-04-27T02:38:27Z" finished-at="2015-04-27T02:38:29Z">
          <reporter-output>
          </reporter-output>
        </test-method> <!-- cleanUp -->
      </class> <!-- Home -->
    </test> <!-- Cnn Home Page -->
  </suite> <!-- Cnn Test on web browser -->
</testng-results>
