<?xml version="1.0" encoding="UTF-8"?>
<!-- Generated by org.testng.reporters.JUnitXMLReporter -->
<testsuite hostname="Computer" name="Amazon Home Page" tests="1" failures="1" timestamp="4 May 2015 07:02:39 GMT" time="30.639" errors="0">
  <testcase name="signIn" time="0.007" classname="com.Amazon.SignUp">
    <failure type="java.io.FileNotFoundException" message="Amazon\data\file1.xlsx (The system cannot find the path specified)">
      <![CDATA[java.io.FileNotFoundException: Amazon\data\file1.xlsx (The system cannot find the path specified)
	at java.io.FileInputStream.open0(Native Method)
	at java.io.FileInputStream.open(FileInputStream.java:195)
	at java.io.FileInputStream.<init>(FileInputStream.java:138)
	at utility.DataReader.fileReader(DataReader.java:22)
	at com.Amazon.SignUp.signIn(SignUp.java:19)
... Removed 27 stack frames]]>
    </failure>
  </testcase> <!-- signIn -->
</testsuite> <!-- Amazon Home Page -->
